<?xml version="1.0" encoding="UTF-8"?>
<!-- Generated by org.testng.reporters.JUnitReportReporter -->
<testsuite hostname="LAPTOP-S3TVNLQD" failures="0" tests="3" name="TestNgTutorial.RunByTestNGDay1" time="0.019" errors="0" timestamp="2023-08-03T20:39:39 IST" skipped="0">
  <testcase classname="TestNgTutorial.RunByTestNGDay1" name="senondTc" time="0.002"/>
  <testcase classname="TestNgTutorial.RunByTestNGDay1" name="check" time="0.015"/>
  <testcase classname="TestNgTutorial.RunByTestNGDay1" name="demo" time="0.002"/>
</testsuite> <!-- TestNgTutorial.RunByTestNGDay1 -->
