<?xml version="1.0" encoding="UTF-8"?>
<!-- Generated by org.testng.reporters.JUnitReportReporter -->
<testsuite hostname="LAPTOP-S3TVNLQD" failures="0" tests="2" name="TestClass" time="0.019" errors="0" timestamp="2023-08-01T21:40:27 IST" skipped="0">
  <testcase classname="TestClass" name="foo" time="0.002"/>
  <testcase classname="TestClass" name="ct" time="0.017"/>
</testsuite> <!-- TestClass -->
